<?xml version="1.0" encoding="UTF-8"?>
<!-- Generated by org.testng.reporters.JUnitReportReporter -->
<testsuite hostname="DESKTOP-N0KKL74" failures="0" tests="1" name="com.vtiger.organizationTest.TC_19_sendingmail" time="15.140" errors="0" timestamp="2022-01-15T18:20:01 IST" skipped="0">
  <testcase classname="com.vtiger.organizationTest.TC_19_sendingmail" name="TC_01" time="15.140"/>
  <system-out/>
</testsuite> <!-- com.vtiger.organizationTest.TC_19_sendingmail -->
