<?xml version="1.0" encoding="UTF-8"?>
<!-- Generated by org.testng.reporters.JUnitReportReporter -->
<testsuite hostname="DESKTOP-N0KKL74" failures="0" tests="1" name="com.vtiger.organizationTest.TC_03_createContact" time="22.086" errors="0" timestamp="2022-01-15T16:10:52 IST" skipped="0">
  <testcase classname="com.vtiger.organizationTest.TC_03_createContact" name="TC_03" time="22.086"/>
  <system-out/>
</testsuite> <!-- com.vtiger.organizationTest.TC_03_createContact -->
