<?xml version="1.0" encoding="UTF-8"?>
<!-- Generated by org.testng.reporters.JUnitReportReporter -->
<testsuite hostname="DESKTOP-N0KKL74" failures="0" tests="1" name="com.vtiger.organizationTest.TC_01_createContact" time="14.886" errors="0" timestamp="2022-01-15T16:40:29 IST" skipped="0">
  <testcase classname="com.vtiger.organizationTest.TC_01_createContact" name="TC_01" time="14.886"/>
  <system-out/>
</testsuite> <!-- com.vtiger.organizationTest.TC_01_createContact -->
