<?xml version="1.0" encoding="UTF-8"?>
<!-- Generated by org.testng.reporters.JUnitReportReporter -->
<testsuite hostname="DESKTOP-N0KKL74" failures="0" tests="5" name="practice.DataProviderTestNG" time="0.008" errors="0" timestamp="2022-01-20T15:02:16 IST" skipped="0">
  <testcase classname="practice.DataProviderTestNG" name="BookTicketTest" time="0.000"/>
  <system-out/>
  <testcase classname="practice.DataProviderTestNG" name="BookTicketTest" time="0.006"/>
  <system-out/>
  <testcase classname="practice.DataProviderTestNG" name="BookTicketTest" time="0.001"/>
  <system-out/>
  <testcase classname="practice.DataProviderTestNG" name="BookTicketTest" time="0.000"/>
  <system-out/>
  <testcase classname="practice.DataProviderTestNG" name="BookTicketTest" time="0.001"/>
  <system-out/>
</testsuite> <!-- practice.DataProviderTestNG -->
