<?xml version="1.0" encoding="UTF-8"?>
<!-- Generated by org.testng.reporters.JUnitReportReporter -->
<testsuite hostname="DESKTOP-N0KKL74" failures="0" tests="1" name="com.vtiger.organizationTest.TC_44_CheckTypeDropDownOptionIsWorkingOrNot" time="19.674" errors="0" timestamp="2022-01-14T12:43:57 IST" skipped="0">
  <testcase classname="com.vtiger.organizationTest.TC_44_CheckTypeDropDownOptionIsWorkingOrNot" name="TC_44" time="19.674"/>
  <system-out/>
</testsuite> <!-- com.vtiger.organizationTest.TC_44_CheckTypeDropDownOptionIsWorkingOrNot -->
