<?xml version="1.0" encoding="UTF-8"?>
<!-- Generated by org.testng.reporters.JUnitReportReporter -->
<testsuite hostname="DESKTOP-N0KKL74" failures="0" tests="1" name="com.vtiger.contactTest.TC_19_sendingmail" time="16.775" errors="0" timestamp="2022-01-17T14:26:55 IST" skipped="0">
  <testcase classname="com.vtiger.contactTest.TC_19_sendingmail" name="TC_01" time="16.775"/>
  <system-out/>
</testsuite> <!-- com.vtiger.contactTest.TC_19_sendingmail -->
