<?xml version="1.0" encoding="UTF-8"?>
<!-- Generated by org.testng.reporters.JUnitReportReporter -->
<testsuite hostname="DESKTOP-N0KKL74" failures="0" tests="1" name="com.vtiger.contactTest.TC_19_sendingmailTest" time="15.938" errors="0" timestamp="2022-01-20T21:21:08 IST" skipped="0">
  <testcase classname="com.vtiger.contactTest.TC_19_sendingmailTest" name="TC_01" time="15.938"/>
  <system-out/>
</testsuite> <!-- com.vtiger.contactTest.TC_19_sendingmailTest -->
