<?xml version="1.0" encoding="UTF-8"?>
<!-- Generated by org.testng.reporters.JUnitReportReporter -->
<testsuite hostname="DESKTOP-N0KKL74" failures="0" tests="1" name="com.vtiger.modulename.TestcasenameTest" time="2.128" errors="0" timestamp="2022-01-13T12:15:35 IST" skipped="0">
  <testcase classname="com.vtiger.modulename.TestcasenameTest" name="test" time="2.128"/>
  <system-out/>
</testsuite> <!-- com.vtiger.modulename.TestcasenameTest -->
