<?xml version="1.0" encoding="UTF-8"?>
<!-- Generated by org.testng.reporters.JUnitReportReporter -->
<testsuite hostname="DESKTOP-N0KKL74" failures="0" tests="1" name="practice.Select_TestNG_unitTesting" time="0.316" errors="0" timestamp="2022-01-14T13:05:38 IST" skipped="0">
  <testcase classname="practice.Select_TestNG_unitTesting" name="update" time="0.316"/>
  <system-out/>
</testsuite> <!-- practice.Select_TestNG_unitTesting -->
