<?xml version="1.0" encoding="UTF-8"?>
<!-- Generated by org.testng.reporters.JUnitReportReporter -->
<testsuite hostname="DESKTOP-N0KKL74" failures="0" tests="1" name="practice.NonSelect_TestNG" time="0.235" errors="0" timestamp="2022-01-13T11:18:25 IST" skipped="0">
  <testcase classname="practice.NonSelect_TestNG" name="update" time="0.235"/>
  <system-out/>
</testsuite> <!-- practice.NonSelect_TestNG -->
