<?xml version="1.0" encoding="UTF-8"?>
<!-- Generated by org.testng.reporters.JUnitReportReporter -->
<testsuite hostname="DESKTOP-N0KKL74" failures="0" tests="1" name="practice.NonSelectUpdate" time="0.229" errors="0" timestamp="2022-01-13T10:22:40 IST" skipped="0">
  <testcase classname="practice.NonSelectUpdate" name="update" time="0.229"/>
  <system-out/>
</testsuite> <!-- practice.NonSelectUpdate -->
