<?xml version="1.0" encoding="UTF-8"?>
<!-- Generated by org.testng.reporters.JUnitReportReporter -->
<testsuite hostname="DESKTOP-N0KKL74" failures="0" tests="1" name="com.vtiger.organizationTest.TC_43_CreateOrganizationWithIndustryTest" time="22.180" errors="0" timestamp="2022-01-17T14:31:48 IST" skipped="0">
  <testcase classname="com.vtiger.organizationTest.TC_43_CreateOrganizationWithIndustryTest" name="TC_43" time="22.180"/>
  <system-out/>
</testsuite> <!-- com.vtiger.organizationTest.TC_43_CreateOrganizationWithIndustryTest -->
