<?xml version="1.0" encoding="UTF-8"?>
<!-- Generated by org.testng.reporters.JUnitReportReporter -->
<testsuite hostname="DESKTOP-N0KKL74" failures="0" tests="1" name="com.vtiger.organizationTest.TC_19_sendingmail_Mytry" time="32.442" errors="0" timestamp="2022-01-16T14:03:38 IST" skipped="0">
  <testcase classname="com.vtiger.organizationTest.TC_19_sendingmail_Mytry" name="TC_01" time="32.442"/>
  <system-out/>
</testsuite> <!-- com.vtiger.organizationTest.TC_19_sendingmail_Mytry -->
