<?xml version="1.0" encoding="UTF-8"?>
<!-- Generated by org.testng.reporters.JUnitReportReporter -->
<testsuite hostname="DESKTOP-N0KKL74" failures="0" tests="1" name="com.vtiger.organizationTest.TC_12_CreatePurchaseOrderWithItemWithoutEnteringQtyTest" time="35.064" errors="0" timestamp="2022-01-14T12:43:57 IST" skipped="0">
  <testcase classname="com.vtiger.organizationTest.TC_12_CreatePurchaseOrderWithItemWithoutEnteringQtyTest" name="Test" time="35.064"/>
  <system-out/>
</testsuite> <!-- com.vtiger.organizationTest.TC_12_CreatePurchaseOrderWithItemWithoutEnteringQtyTest -->
