<?xml version="1.0" encoding="UTF-8"?>
<!-- Generated by org.testng.reporters.JUnitReportReporter -->
<testsuite hostname="DESKTOP-N0KKL74" failures="0" tests="1" name="com.vtiger.purchaseorderTest.TC_12_CreatePurchaseOrderWithItemWithoutEnteringQtyTest" time="31.837" errors="0" timestamp="2022-01-21T18:57:15 IST" skipped="0">
  <testcase classname="com.vtiger.purchaseorderTest.TC_12_CreatePurchaseOrderWithItemWithoutEnteringQtyTest" name="Test" time="31.837"/>
  <system-out/>
</testsuite> <!-- com.vtiger.purchaseorderTest.TC_12_CreatePurchaseOrderWithItemWithoutEnteringQtyTest -->
